<?xml version="1.0" encoding="UTF-8"?>
<!-- Generated by org.testng.reporters.JUnitXMLReporter -->
<testsuite ignored="0" hostname="Sahils-MacBook-Air.local" failures="0" tests="2" name="Accounts Page Test" time="4.524" errors="0" timestamp="2025-04-16T11:34:34 IST">
  <testcase classname="com.qa.opencart.tests.AccountsPageTest" name="accountsPageTitleTest" time="0.582"/>
  <testcase classname="com.qa.opencart.tests.AccountsPageTest" name="checkLogoutLinkExists" time="0.159"/>
</testsuite> <!-- Accounts Page Test -->
