<?xml version="1.0" encoding="UTF-8"?>
<!-- Generated by org.testng.reporters.JUnitXMLReporter -->
<testsuite ignored="0" hostname="Sahils-MacBook-Air.local" failures="0" tests="7" name="Accounts Page Test" time="14.197" errors="0" timestamp="2025-05-05T10:29:18 IST">
  <testcase classname="com.qa.opencart.tests.AccountsPageTest" name="accPageHeadersTest" time="0.609"/>
  <testcase classname="com.qa.opencart.tests.AccountsPageTest" name="accountsPageTitleTest" time="0.013"/>
  <testcase classname="com.qa.opencart.tests.AccountsPageTest" name="checkAccountPageHeadersCountTest" time="0.064"/>
  <testcase classname="com.qa.opencart.tests.AccountsPageTest" name="checkLogoutLinkExistsTest" time="0.602"/>
  <testcase classname="com.qa.opencart.tests.AccountsPageTest" name="searchTest" time="1.721"/>
  <testcase classname="com.qa.opencart.tests.AccountsPageTest" name="searchTest" time="1.683"/>
  <testcase classname="com.qa.opencart.tests.AccountsPageTest" name="searchTest" time="1.691"/>
</testsuite> <!-- Accounts Page Test -->
