<?xml version="1.0" encoding="UTF-8"?>
<!-- Generated by org.testng.reporters.JUnitXMLReporter -->
<testsuite ignored="0" hostname="Sahils-MacBook-Air.local" failures="0" tests="4" name="Login Page Test" time="5.177" errors="0" timestamp="2025-04-17T14:55:14 IST">
  <testcase classname="com.qa.opencart.tests.LoginPageTest" name="loginPageTitleTest" time="0.057"/>
  <testcase classname="com.qa.opencart.tests.LoginPageTest" name="loginPageURLTest" time="0.008"/>
  <testcase classname="com.qa.opencart.tests.LoginPageTest" name="isForgotPasswordLinkExistsTest" time="0.031"/>
  <testcase classname="com.qa.opencart.tests.LoginPageTest" name="loginTest" time="0.816"/>
</testsuite> <!-- Login Page Test -->
