<?xml version="1.0" encoding="UTF-8"?>
<!-- Generated by org.testng.reporters.JUnitXMLReporter -->
<testsuite ignored="0" hostname="Sahils-MacBook-Air.local" failures="0" tests="4" name="Login Page Test" time="8.435" errors="0" timestamp="2025-05-05T10:29:13 IST">
  <testcase classname="com.qa.opencart.tests.LoginPageTest" name="loginPageTitleTest" time="0.059"/>
  <testcase classname="com.qa.opencart.tests.LoginPageTest" name="loginPageURLTest" time="0.011"/>
  <testcase classname="com.qa.opencart.tests.LoginPageTest" name="isForgotPasswordLinkExistsTest" time="0.783"/>
  <testcase classname="com.qa.opencart.tests.LoginPageTest" name="loginTest" time="2.377"/>
</testsuite> <!-- Login Page Test -->
