<?xml version="1.0" encoding="UTF-8"?>
<!-- Generated by org.testng.reporters.JUnitXMLReporter -->
<testsuite ignored="0" hostname="Sahils-MacBook-Air.local" failures="0" tests="5" name="ProductInfo Page Test" time="21.31" errors="0" timestamp="2025-05-05T10:29:26 IST">
  <testcase classname="com.qa.opencart.tests.ProductInfoPageTest" name="checkProductImagesCount" time="3.109"/>
  <testcase classname="com.qa.opencart.tests.ProductInfoPageTest" name="checkProductImagesCount" time="2.736"/>
  <testcase classname="com.qa.opencart.tests.ProductInfoPageTest" name="productHeaderTest" time="2.278"/>
  <testcase classname="com.qa.opencart.tests.ProductInfoPageTest" name="productHeaderTest" time="2.329"/>
  <testcase classname="com.qa.opencart.tests.ProductInfoPageTest" name="productInfoTest" time="3.042"/>
</testsuite> <!-- ProductInfo Page Test -->
