<?xml version="1.0" encoding="UTF-8"?>
<!-- Generated by org.testng.reporters.JUnitXMLReporter -->
<testsuite ignored="0" hostname="Sahils-MacBook-Air.local" failures="0" tests="3" name="Register Page Test" time="25.474" errors="0" timestamp="2025-05-05T10:29:30 IST">
  <testcase classname="com.qa.opencart.tests.RegisterPageTest" name="verifyRegisterPageHeader" time="0.569"/>
  <testcase classname="com.qa.opencart.tests.RegisterPageTest" name="verifyRegisterationDetails" time="8.888"/>
  <testcase classname="com.qa.opencart.tests.RegisterPageTest" name="verifyRegisterationDetails" time="9.25"/>
</testsuite> <!-- Register Page Test -->
