<?xml version="1.0" encoding="UTF-8"?>
<!-- Generated by org.testng.reporters.JUnitXMLReporter -->
<testsuite ignored="0" hostname="Sahils-MacBook-Air.local" failures="0" tests="4" name="Default test" time="4.589" errors="0" timestamp="2025-02-13T17:46:54 IST">
  <testcase classname="com.qa.opencart.tests.LoginPageTest" name="loginPageTitleTest" time="0.033"/>
  <testcase classname="com.qa.opencart.tests.LoginPageTest" name="loginPageURLTest" time="0.008"/>
  <testcase classname="com.qa.opencart.tests.LoginPageTest" name="isForgotPasswordLinkExistsTest" time="0.044"/>
  <testcase classname="com.qa.opencart.tests.LoginPageTest" name="loginTest" time="0.665"/>
</testsuite> <!-- Default test -->
