<?xml version="1.0" encoding="UTF-8"?>
<!-- Generated by org.testng.reporters.JUnitXMLReporter -->
<testsuite ignored="0" hostname="Sahils-MacBook-Air.local" failures="0" tests="4" name="Default test" time="4.922" errors="0" timestamp="2025-04-17T13:30:55 IST">
  <testcase classname="com.qa.opencart.tests.LoginPageTest" name="loginPageTitleTest" time="0.041"/>
  <testcase classname="com.qa.opencart.tests.LoginPageTest" name="loginPageURLTest" time="0.01"/>
  <testcase classname="com.qa.opencart.tests.LoginPageTest" name="isForgotPasswordLinkExistsTest" time="0.03"/>
  <testcase classname="com.qa.opencart.tests.LoginPageTest" name="loginTest" time="0.7"/>
</testsuite> <!-- Default test -->
