<?xml version="1.0" encoding="UTF-8"?>
<!-- Generated by org.testng.reporters.JUnitXMLReporter -->
<testsuite ignored="0" hostname="Sahils-MacBook-Air.local" failures="0" tests="7" name="Accounts Page Test" time="14.848" errors="0" timestamp="2025-05-05T10:12:13 IST">
  <testcase classname="com.qa.opencart.tests.AccountsPageTest" name="accPageHeadersTest" time="0.572"/>
  <testcase classname="com.qa.opencart.tests.AccountsPageTest" name="accountsPageTitleTest" time="0.005"/>
  <testcase classname="com.qa.opencart.tests.AccountsPageTest" name="checkAccountPageHeadersCountTest" time="0.028"/>
  <testcase classname="com.qa.opencart.tests.AccountsPageTest" name="checkLogoutLinkExistsTest" time="0.542"/>
  <testcase classname="com.qa.opencart.tests.AccountsPageTest" name="searchTest" time="1.756"/>
  <testcase classname="com.qa.opencart.tests.AccountsPageTest" name="searchTest" time="1.629"/>
  <testcase classname="com.qa.opencart.tests.AccountsPageTest" name="searchTest" time="1.789"/>
</testsuite> <!-- Accounts Page Test -->
