<?xml version="1.0" encoding="UTF-8"?>
<!-- Generated by org.testng.reporters.JUnitXMLReporter -->
<testsuite ignored="0" hostname="Sahils-MacBook-Air.local" failures="0" tests="4" name="Login Page Test" time="9.889" errors="0" timestamp="2025-05-05T10:12:08 IST">
  <testcase classname="com.qa.opencart.tests.LoginPageTest" name="loginPageTitleTest" time="0.068"/>
  <testcase classname="com.qa.opencart.tests.LoginPageTest" name="loginPageURLTest" time="0.009"/>
  <testcase classname="com.qa.opencart.tests.LoginPageTest" name="isForgotPasswordLinkExistsTest" time="0.57"/>
  <testcase classname="com.qa.opencart.tests.LoginPageTest" name="loginTest" time="2.316"/>
</testsuite> <!-- Login Page Test -->
