<?xml version="1.0" encoding="UTF-8"?>
<!-- Generated by org.testng.reporters.JUnitXMLReporter -->
<testsuite ignored="0" hostname="Sahils-MacBook-Air.local" failures="0" tests="5" name="ProductInfo Page Test" time="22.722" errors="0" timestamp="2025-05-05T10:12:21 IST">
  <testcase classname="com.qa.opencart.tests.ProductInfoPageTest" name="checkProductImagesCount" time="3.014"/>
  <testcase classname="com.qa.opencart.tests.ProductInfoPageTest" name="checkProductImagesCount" time="2.827"/>
  <testcase classname="com.qa.opencart.tests.ProductInfoPageTest" name="productHeaderTest" time="2.348"/>
  <testcase classname="com.qa.opencart.tests.ProductInfoPageTest" name="productHeaderTest" time="2.461"/>
  <testcase classname="com.qa.opencart.tests.ProductInfoPageTest" name="productInfoTest" time="3.327"/>
</testsuite> <!-- ProductInfo Page Test -->
