<?xml version="1.0" encoding="UTF-8"?>
<testng-results ignored="0" total="19" passed="18" failed="1" skipped="0">
  <reporter-output>
  </reporter-output>
  <suite started-at="2025-05-05T10:11:58 IST" name="Opencart App Test Regression Suite" finished-at="2025-05-05T10:12:21 IST" duration-ms="22722">
    <groups>
    </groups>
    <test started-at="2025-05-05T10:11:58 IST" name="Login Page Test" finished-at="2025-05-05T10:12:08 IST" duration-ms="9889">
      <class name="com.qa.opencart.tests.LoginPageTest">
        <test-method is-config="true" signature="setup()[pri:0, instance:com.qa.opencart.tests.LoginPageTest@3901f6af]" started-at="2025-05-05T10:11:58 IST" name="setup" finished-at="2025-05-05T10:12:05 IST" duration-ms="6679" status="PASS">
          <reporter-output>
          </reporter-output>
        </test-method> <!-- setup -->
        <test-method signature="loginPageTitleTest()[pri:1, instance:com.qa.opencart.tests.LoginPageTest@3901f6af]" started-at="2025-05-05T10:12:05 IST" name="loginPageTitleTest" finished-at="2025-05-05T10:12:05 IST" duration-ms="68" status="PASS">
          <reporter-output>
          </reporter-output>
        </test-method> <!-- loginPageTitleTest -->
        <test-method signature="loginPageURLTest()[pri:2, instance:com.qa.opencart.tests.LoginPageTest@3901f6af]" started-at="2025-05-05T10:12:05 IST" name="loginPageURLTest" finished-at="2025-05-05T10:12:05 IST" duration-ms="9" status="PASS">
          <reporter-output>
          </reporter-output>
        </test-method> <!-- loginPageURLTest -->
        <test-method signature="isForgotPasswordLinkExistsTest()[pri:3, instance:com.qa.opencart.tests.LoginPageTest@3901f6af]" started-at="2025-05-05T10:12:05 IST" name="isForgotPasswordLinkExistsTest" finished-at="2025-05-05T10:12:06 IST" duration-ms="570" status="PASS">
          <reporter-output>
          </reporter-output>
        </test-method> <!-- isForgotPasswordLinkExistsTest -->
        <test-method signature="loginTest()[pri:4, instance:com.qa.opencart.tests.LoginPageTest@3901f6af]" started-at="2025-05-05T10:12:06 IST" name="loginTest" finished-at="2025-05-05T10:12:08 IST" duration-ms="2316" status="PASS">
          <reporter-output>
          </reporter-output>
        </test-method> <!-- loginTest -->
        <test-method is-config="true" signature="tearDown()[pri:0, instance:com.qa.opencart.tests.LoginPageTest@3901f6af]" started-at="2025-05-05T10:12:08 IST" name="tearDown" finished-at="2025-05-05T10:12:08 IST" duration-ms="83" status="PASS">
          <reporter-output>
          </reporter-output>
        </test-method> <!-- tearDown -->
      </class> <!-- com.qa.opencart.tests.LoginPageTest -->
    </test> <!-- Login Page Test -->
    <test started-at="2025-05-05T10:11:58 IST" name="Accounts Page Test" finished-at="2025-05-05T10:12:13 IST" duration-ms="14848">
      <class name="com.qa.opencart.tests.AccountsPageTest">
        <test-method is-config="true" signature="setup()[pri:0, instance:com.qa.opencart.tests.AccountsPageTest@c35af2a]" started-at="2025-05-05T10:11:58 IST" name="setup" finished-at="2025-05-05T10:12:05 IST" duration-ms="6662" status="PASS">
          <reporter-output>
          </reporter-output>
        </test-method> <!-- setup -->
        <test-method is-config="true" signature="accSetup()[pri:0, instance:com.qa.opencart.tests.AccountsPageTest@c35af2a]" started-at="2025-05-05T10:12:05 IST" name="accSetup" finished-at="2025-05-05T10:12:07 IST" duration-ms="1764" status="PASS">
          <reporter-output>
          </reporter-output>
        </test-method> <!-- accSetup -->
        <test-method signature="accPageHeadersTest()[pri:0, instance:com.qa.opencart.tests.AccountsPageTest@c35af2a]" started-at="2025-05-05T10:12:07 IST" name="accPageHeadersTest" finished-at="2025-05-05T10:12:07 IST" duration-ms="572" status="PASS">
          <reporter-output>
          </reporter-output>
        </test-method> <!-- accPageHeadersTest -->
        <test-method signature="accountsPageTitleTest()[pri:0, instance:com.qa.opencart.tests.AccountsPageTest@c35af2a]" started-at="2025-05-05T10:12:07 IST" name="accountsPageTitleTest" finished-at="2025-05-05T10:12:07 IST" duration-ms="5" status="PASS">
          <reporter-output>
          </reporter-output>
        </test-method> <!-- accountsPageTitleTest -->
        <test-method signature="checkAccountPageHeadersCountTest()[pri:0, instance:com.qa.opencart.tests.AccountsPageTest@c35af2a]" started-at="2025-05-05T10:12:07 IST" name="checkAccountPageHeadersCountTest" finished-at="2025-05-05T10:12:07 IST" duration-ms="28" status="PASS">
          <reporter-output>
          </reporter-output>
        </test-method> <!-- checkAccountPageHeadersCountTest -->
        <test-method signature="checkLogoutLinkExistsTest()[pri:0, instance:com.qa.opencart.tests.AccountsPageTest@c35af2a]" started-at="2025-05-05T10:12:07 IST" name="checkLogoutLinkExistsTest" finished-at="2025-05-05T10:12:08 IST" duration-ms="542" status="PASS">
          <reporter-output>
          </reporter-output>
        </test-method> <!-- checkLogoutLinkExistsTest -->
        <test-method signature="searchTest(java.lang.String,int)[pri:0, instance:com.qa.opencart.tests.AccountsPageTest@c35af2a]" started-at="2025-05-05T10:12:08 IST" name="searchTest" data-provider="getSearchKey" finished-at="2025-05-05T10:12:10 IST" duration-ms="1756" status="PASS">
          <params>
            <param index="0">
              <value>
                <![CDATA[macbook]]>
              </value>
            </param>
            <param index="1">
              <value>
                <![CDATA[3]]>
              </value>
            </param>
          </params>
          <reporter-output>
          </reporter-output>
        </test-method> <!-- searchTest -->
        <test-method signature="searchTest(java.lang.String,int)[pri:0, instance:com.qa.opencart.tests.AccountsPageTest@c35af2a]" started-at="2025-05-05T10:12:10 IST" name="searchTest" data-provider="getSearchKey" finished-at="2025-05-05T10:12:11 IST" duration-ms="1629" status="PASS">
          <params>
            <param index="0">
              <value>
                <![CDATA[imac]]>
              </value>
            </param>
            <param index="1">
              <value>
                <![CDATA[1]]>
              </value>
            </param>
          </params>
          <reporter-output>
          </reporter-output>
        </test-method> <!-- searchTest -->
        <test-method signature="searchTest(java.lang.String,int)[pri:0, instance:com.qa.opencart.tests.AccountsPageTest@c35af2a]" started-at="2025-05-05T10:12:11 IST" name="searchTest" data-provider="getSearchKey" finished-at="2025-05-05T10:12:13 IST" duration-ms="1789" status="PASS">
          <params>
            <param index="0">
              <value>
                <![CDATA[samsung]]>
              </value>
            </param>
            <param index="1">
              <value>
                <![CDATA[2]]>
              </value>
            </param>
          </params>
          <reporter-output>
          </reporter-output>
        </test-method> <!-- searchTest -->
        <test-method is-config="true" signature="tearDown()[pri:0, instance:com.qa.opencart.tests.AccountsPageTest@c35af2a]" started-at="2025-05-05T10:12:13 IST" name="tearDown" finished-at="2025-05-05T10:12:13 IST" duration-ms="85" status="PASS">
          <reporter-output>
          </reporter-output>
        </test-method> <!-- tearDown -->
      </class> <!-- com.qa.opencart.tests.AccountsPageTest -->
    </test> <!-- Accounts Page Test -->
    <test started-at="2025-05-05T10:11:58 IST" name="Register Page Test" finished-at="2025-05-05T10:12:21 IST" duration-ms="22682">
      <class name="com.qa.opencart.tests.RegisterPageTest">
        <test-method is-config="true" signature="setup()[pri:0, instance:com.qa.opencart.tests.RegisterPageTest@407873d3]" started-at="2025-05-05T10:11:58 IST" name="setup" finished-at="2025-05-05T10:12:04 IST" duration-ms="6117" status="PASS">
          <reporter-output>
          </reporter-output>
        </test-method> <!-- setup -->
        <test-method is-config="true" signature="accSetup()[pri:0, instance:com.qa.opencart.tests.RegisterPageTest@407873d3]" started-at="2025-05-05T10:12:04 IST" name="accSetup" finished-at="2025-05-05T10:12:06 IST" duration-ms="1294" status="PASS">
          <reporter-output>
          </reporter-output>
        </test-method> <!-- accSetup -->
        <test-method signature="verifyRegisterPageHeader()[pri:0, instance:com.qa.opencart.tests.RegisterPageTest@407873d3]" started-at="2025-05-05T10:12:06 IST" name="verifyRegisterPageHeader" finished-at="2025-05-05T10:12:06 IST" duration-ms="547" status="PASS">
          <reporter-output>
          </reporter-output>
        </test-method> <!-- verifyRegisterPageHeader -->
        <test-method signature="verifyRegisterationDetails(java.lang.String,java.lang.String,java.lang.String,java.lang.String,java.lang.String)[pri:0, instance:com.qa.opencart.tests.RegisterPageTest@407873d3]" started-at="2025-05-05T10:12:06 IST" name="verifyRegisterationDetails" data-provider="userData" finished-at="2025-05-05T10:12:15 IST" duration-ms="8410" status="PASS">
          <params>
            <param index="0">
              <value>
                <![CDATA[sahil]]>
              </value>
            </param>
            <param index="1">
              <value>
                <![CDATA[kumar]]>
              </value>
            </param>
            <param index="2">
              <value>
                <![CDATA[9876778283]]>
              </value>
            </param>
            <param index="3">
              <value>
                <![CDATA[sahil@765]]>
              </value>
            </param>
            <param index="4">
              <value>
                <![CDATA[yes]]>
              </value>
            </param>
          </params>
          <reporter-output>
          </reporter-output>
        </test-method> <!-- verifyRegisterationDetails -->
        <test-method signature="verifyRegisterationDetails(java.lang.String,java.lang.String,java.lang.String,java.lang.String,java.lang.String)[pri:0, instance:com.qa.opencart.tests.RegisterPageTest@407873d3]" started-at="2025-05-05T10:12:15 IST" name="verifyRegisterationDetails" data-provider="userData" finished-at="2025-05-05T10:12:21 IST" duration-ms="5939" status="FAIL">
          <params>
            <param index="0">
              <value>
                <![CDATA[rahul]]>
              </value>
            </param>
            <param index="1">
              <value>
                <![CDATA[kumar]]>
              </value>
            </param>
            <param index="2">
              <value>
                <![CDATA[9876778283]]>
              </value>
            </param>
            <param index="3">
              <value>
                <![CDATA[rahul@765]]>
              </value>
            </param>
            <param index="4">
              <value>
                <![CDATA[yes]]>
              </value>
            </param>
          </params>
          <exception class="org.openqa.selenium.StaleElementReferenceException">
            <message>
              <![CDATA[stale element reference: stale element not found
  (Session info: chrome=135.0.7049.115)
For documentation on this error, please visit: https://www.selenium.dev/documentation/webdriver/troubleshooting/errors#stale-element-reference-exception
Build info: version: '4.23.1', revision: '656257d8e9'
System info: os.name: 'Mac OS X', os.arch: 'aarch64', os.version: '15.3.1', java.version: '21.0.4'
Driver info: org.openqa.selenium.chrome.ChromeDriver
Command: [b6a6892ee8ffbd86cc322f79b8451069, executeScript {args=[{element-6066-11e4-a52e-4f735466cecf=f.629BDBDEB9861D55A01C56EB58C1F721.d.FC3E5EFCF6652649B69790CC42AA6088.e.151}], script=arguments[0].style.backgroundColor = 'rgba(0, 0, 0, 0)'}]
Capabilities {acceptInsecureCerts: false, browserName: chrome, browserVersion: 135.0.7049.115, chrome: {chromedriverVersion: 135.0.7049.114 (63fd8a7d9d0..., userDataDir: /var/folders/1b/_8pw2bw92f1...}, fedcm:accounts: true, goog:chromeOptions: {debuggerAddress: localhost:54962}, networkConnectionEnabled: false, pageLoadStrategy: normal, platformName: mac, proxy: Proxy(), se:cdp: ws://localhost:54962/devtoo..., se:cdpVersion: 135.0.7049.115, setWindowRect: true, strictFileInteractability: false, timeouts: {implicit: 0, pageLoad: 300000, script: 30000}, unhandledPromptBehavior: dismiss and notify, webauthn:extension:credBlob: true, webauthn:extension:largeBlob: true, webauthn:extension:minPinLength: true, webauthn:extension:prf: true, webauthn:virtualAuthenticators: true}
Session ID: b6a6892ee8ffbd86cc322f79b8451069]]>
            </message>
            <full-stacktrace>
              <![CDATA[org.openqa.selenium.StaleElementReferenceException: stale element reference: stale element not found
  (Session info: chrome=135.0.7049.115)
For documentation on this error, please visit: https://www.selenium.dev/documentation/webdriver/troubleshooting/errors#stale-element-reference-exception
Build info: version: '4.23.1', revision: '656257d8e9'
System info: os.name: 'Mac OS X', os.arch: 'aarch64', os.version: '15.3.1', java.version: '21.0.4'
Driver info: org.openqa.selenium.chrome.ChromeDriver
Command: [b6a6892ee8ffbd86cc322f79b8451069, executeScript {args=[{element-6066-11e4-a52e-4f735466cecf=f.629BDBDEB9861D55A01C56EB58C1F721.d.FC3E5EFCF6652649B69790CC42AA6088.e.151}], script=arguments[0].style.backgroundColor = 'rgba(0, 0, 0, 0)'}]
Capabilities {acceptInsecureCerts: false, browserName: chrome, browserVersion: 135.0.7049.115, chrome: {chromedriverVersion: 135.0.7049.114 (63fd8a7d9d0..., userDataDir: /var/folders/1b/_8pw2bw92f1...}, fedcm:accounts: true, goog:chromeOptions: {debuggerAddress: localhost:54962}, networkConnectionEnabled: false, pageLoadStrategy: normal, platformName: mac, proxy: Proxy(), se:cdp: ws://localhost:54962/devtoo..., se:cdpVersion: 135.0.7049.115, setWindowRect: true, strictFileInteractability: false, timeouts: {implicit: 0, pageLoad: 300000, script: 30000}, unhandledPromptBehavior: dismiss and notify, webauthn:extension:credBlob: true, webauthn:extension:largeBlob: true, webauthn:extension:minPinLength: true, webauthn:extension:prf: true, webauthn:virtualAuthenticators: true}
Session ID: b6a6892ee8ffbd86cc322f79b8451069
at java.base/jdk.internal.reflect.DirectConstructorHandleAccessor.newInstance(DirectConstructorHandleAccessor.java:62)
at java.base/java.lang.reflect.Constructor.newInstanceWithCaller(Constructor.java:502)
at java.base/java.lang.reflect.Constructor.newInstance(Constructor.java:486)
at org.openqa.selenium.remote.ErrorCodec.decode(ErrorCodec.java:167)
at org.openqa.selenium.remote.codec.w3c.W3CHttpResponseCodec.decode(W3CHttpResponseCodec.java:138)
at org.openqa.selenium.remote.codec.w3c.W3CHttpResponseCodec.decode(W3CHttpResponseCodec.java:50)
at org.openqa.selenium.remote.HttpCommandExecutor.execute(HttpCommandExecutor.java:190)
at org.openqa.selenium.remote.service.DriverCommandExecutor.invokeExecute(DriverCommandExecutor.java:216)
at org.openqa.selenium.remote.service.DriverCommandExecutor.execute(DriverCommandExecutor.java:174)
at org.openqa.selenium.remote.RemoteWebDriver.execute(RemoteWebDriver.java:545)
at org.openqa.selenium.remote.RemoteWebDriver.executeScript(RemoteWebDriver.java:476)
at com.qa.opencart.utils.JavaScriptUtil.changeColor(JavaScriptUtil.java:97)
at com.qa.opencart.utils.JavaScriptUtil.flash(JavaScriptUtil.java:92)
at com.qa.opencart.utils.ElementUtil.checkElementHighlight(ElementUtil.java:69)
at com.qa.opencart.utils.ElementUtil.waitForElementVisible(ElementUtil.java:352)
at com.qa.opencart.pages.RegisterPage.fillRegisterationDetails(RegisterPage.java:59)
at com.qa.opencart.tests.RegisterPageTest.verifyRegisterationDetails(RegisterPageTest.java:35)
at java.base/jdk.internal.reflect.DirectMethodHandleAccessor.invoke(DirectMethodHandleAccessor.java:103)
at java.base/java.lang.reflect.Method.invoke(Method.java:580)
at org.testng.internal.invokers.MethodInvocationHelper.invokeMethod(MethodInvocationHelper.java:139)
at org.testng.internal.invokers.TestInvoker.invokeMethod(TestInvoker.java:677)
at org.testng.internal.invokers.TestInvoker.invokeTestMethod(TestInvoker.java:221)
at org.testng.internal.invokers.MethodRunner.runInSequence(MethodRunner.java:50)
at org.testng.internal.invokers.TestInvoker$MethodInvocationAgent.invoke(TestInvoker.java:969)
at org.testng.internal.invokers.TestInvoker.invokeTestMethods(TestInvoker.java:194)
at org.testng.internal.invokers.TestMethodWorker.invokeTestMethods(TestMethodWorker.java:148)
at org.testng.internal.invokers.TestMethodWorker.run(TestMethodWorker.java:128)
at java.base/java.util.ArrayList.forEach(ArrayList.java:1596)
at org.testng.TestRunner.privateRun(TestRunner.java:829)
at org.testng.TestRunner.run(TestRunner.java:602)
at org.testng.SuiteRunner.runTest(SuiteRunner.java:437)
at org.testng.SuiteRunner$SuiteWorker.run(SuiteRunner.java:475)
at org.testng.internal.thread.ThreadUtil.lambda$execute$0(ThreadUtil.java:58)
at java.base/java.util.concurrent.FutureTask.run(FutureTask.java:317)
at java.base/java.util.concurrent.ThreadPoolExecutor.runWorker(ThreadPoolExecutor.java:1144)
at java.base/java.util.concurrent.ThreadPoolExecutor$Worker.run(ThreadPoolExecutor.java:642)
at java.base/java.lang.Thread.run(Thread.java:1583)
]]>
            </full-stacktrace>
          </exception> <!-- org.openqa.selenium.StaleElementReferenceException -->
          <reporter-output>
          </reporter-output>
        </test-method> <!-- verifyRegisterationDetails -->
        <test-method is-config="true" signature="tearDown()[pri:0, instance:com.qa.opencart.tests.RegisterPageTest@407873d3]" started-at="2025-05-05T10:12:21 IST" name="tearDown" finished-at="2025-05-05T10:12:21 IST" duration-ms="93" status="PASS">
          <reporter-output>
          </reporter-output>
        </test-method> <!-- tearDown -->
      </class> <!-- com.qa.opencart.tests.RegisterPageTest -->
    </test> <!-- Register Page Test -->
    <test started-at="2025-05-05T10:11:58 IST" name="ProductInfo Page Test" finished-at="2025-05-05T10:12:21 IST" duration-ms="22722">
      <class name="com.qa.opencart.tests.ProductInfoPageTest">
        <test-method is-config="true" signature="setup()[pri:0, instance:com.qa.opencart.tests.ProductInfoPageTest@260a3a5e]" started-at="2025-05-05T10:11:58 IST" name="setup" finished-at="2025-05-05T10:12:04 IST" duration-ms="6117" status="PASS">
          <reporter-output>
          </reporter-output>
        </test-method> <!-- setup -->
        <test-method is-config="true" signature="productInfoBaseTest()[pri:0, instance:com.qa.opencart.tests.ProductInfoPageTest@260a3a5e]" started-at="2025-05-05T10:12:04 IST" name="productInfoBaseTest" finished-at="2025-05-05T10:12:07 IST" duration-ms="2503" status="PASS">
          <reporter-output>
          </reporter-output>
        </test-method> <!-- productInfoBaseTest -->
        <test-method signature="checkProductImagesCount(java.lang.String,java.lang.String,int)[pri:0, instance:com.qa.opencart.tests.ProductInfoPageTest@260a3a5e]" started-at="2025-05-05T10:12:07 IST" name="checkProductImagesCount" data-provider="productImagesTestData" finished-at="2025-05-05T10:12:10 IST" duration-ms="3014" status="PASS">
          <params>
            <param index="0">
              <value>
                <![CDATA[macbook]]>
              </value>
            </param>
            <param index="1">
              <value>
                <![CDATA[MacBook Pro]]>
              </value>
            </param>
            <param index="2">
              <value>
                <![CDATA[4]]>
              </value>
            </param>
          </params>
          <reporter-output>
          </reporter-output>
        </test-method> <!-- checkProductImagesCount -->
        <test-method signature="checkProductImagesCount(java.lang.String,java.lang.String,int)[pri:0, instance:com.qa.opencart.tests.ProductInfoPageTest@260a3a5e]" started-at="2025-05-05T10:12:10 IST" name="checkProductImagesCount" data-provider="productImagesTestData" finished-at="2025-05-05T10:12:13 IST" duration-ms="2827" status="PASS">
          <params>
            <param index="0">
              <value>
                <![CDATA[imac]]>
              </value>
            </param>
            <param index="1">
              <value>
                <![CDATA[iMac]]>
              </value>
            </param>
            <param index="2">
              <value>
                <![CDATA[3]]>
              </value>
            </param>
          </params>
          <reporter-output>
          </reporter-output>
        </test-method> <!-- checkProductImagesCount -->
        <test-method signature="productHeaderTest(java.lang.String,java.lang.String)[pri:0, instance:com.qa.opencart.tests.ProductInfoPageTest@260a3a5e]" started-at="2025-05-05T10:12:13 IST" name="productHeaderTest" data-provider="productTestData" finished-at="2025-05-05T10:12:15 IST" duration-ms="2348" status="PASS">
          <params>
            <param index="0">
              <value>
                <![CDATA[macbook]]>
              </value>
            </param>
            <param index="1">
              <value>
                <![CDATA[MacBook Pro]]>
              </value>
            </param>
          </params>
          <reporter-output>
          </reporter-output>
        </test-method> <!-- productHeaderTest -->
        <test-method signature="productHeaderTest(java.lang.String,java.lang.String)[pri:0, instance:com.qa.opencart.tests.ProductInfoPageTest@260a3a5e]" started-at="2025-05-05T10:12:15 IST" name="productHeaderTest" data-provider="productTestData" finished-at="2025-05-05T10:12:18 IST" duration-ms="2461" status="PASS">
          <params>
            <param index="0">
              <value>
                <![CDATA[imac]]>
              </value>
            </param>
            <param index="1">
              <value>
                <![CDATA[iMac]]>
              </value>
            </param>
          </params>
          <reporter-output>
          </reporter-output>
        </test-method> <!-- productHeaderTest -->
        <test-method signature="productInfoTest()[pri:0, instance:com.qa.opencart.tests.ProductInfoPageTest@260a3a5e]" started-at="2025-05-05T10:12:18 IST" name="productInfoTest" finished-at="2025-05-05T10:12:21 IST" duration-ms="3327" status="PASS">
          <reporter-output>
          </reporter-output>
        </test-method> <!-- productInfoTest -->
        <test-method is-config="true" signature="tearDown()[pri:0, instance:com.qa.opencart.tests.ProductInfoPageTest@260a3a5e]" started-at="2025-05-05T10:12:21 IST" name="tearDown" finished-at="2025-05-05T10:12:21 IST" duration-ms="83" status="PASS">
          <reporter-output>
          </reporter-output>
        </test-method> <!-- tearDown -->
      </class> <!-- com.qa.opencart.tests.ProductInfoPageTest -->
    </test> <!-- ProductInfo Page Test -->
  </suite> <!-- Opencart App Test Regression Suite -->
</testng-results>
