<?xml version="1.0" encoding="UTF-8"?>
<testng-results ignored="0" total="4" passed="4" failed="0" skipped="0">
  <reporter-output>
  </reporter-output>
  <suite started-at="2025-04-17T14:59:03 IST" name="Default suite" finished-at="2025-04-17T14:59:07 IST" duration-ms="4554">
    <groups>
    </groups>
    <test started-at="2025-04-17T14:59:03 IST" name="Default test" finished-at="2025-04-17T14:59:07 IST" duration-ms="4554">
      <class name="com.qa.opencart.tests.LoginPageTest">
        <test-method is-config="true" signature="setup()[pri:0, instance:com.qa.opencart.tests.LoginPageTest@5c20aab9]" started-at="2025-04-17T14:59:03 IST" name="setup" finished-at="2025-04-17T14:59:06 IST" duration-ms="3635" status="PASS">
          <reporter-output>
          </reporter-output>
        </test-method> <!-- setup -->
        <test-method signature="loginPageTitleTest()[pri:1, instance:com.qa.opencart.tests.LoginPageTest@5c20aab9]" started-at="2025-04-17T14:59:06 IST" name="loginPageTitleTest" finished-at="2025-04-17T14:59:06 IST" duration-ms="37" status="PASS">
          <reporter-output>
          </reporter-output>
        </test-method> <!-- loginPageTitleTest -->
        <test-method signature="loginPageURLTest()[pri:2, instance:com.qa.opencart.tests.LoginPageTest@5c20aab9]" started-at="2025-04-17T14:59:06 IST" name="loginPageURLTest" finished-at="2025-04-17T14:59:06 IST" duration-ms="7" status="PASS">
          <reporter-output>
          </reporter-output>
        </test-method> <!-- loginPageURLTest -->
        <test-method signature="isForgotPasswordLinkExistsTest()[pri:3, instance:com.qa.opencart.tests.LoginPageTest@5c20aab9]" started-at="2025-04-17T14:59:06 IST" name="isForgotPasswordLinkExistsTest" finished-at="2025-04-17T14:59:06 IST" duration-ms="29" status="PASS">
          <reporter-output>
          </reporter-output>
        </test-method> <!-- isForgotPasswordLinkExistsTest -->
        <test-method signature="loginTest()[pri:4, instance:com.qa.opencart.tests.LoginPageTest@5c20aab9]" started-at="2025-04-17T14:59:06 IST" name="loginTest" finished-at="2025-04-17T14:59:07 IST" duration-ms="683" status="PASS">
          <reporter-output>
          </reporter-output>
        </test-method> <!-- loginTest -->
        <test-method is-config="true" signature="tearDown()[pri:0, instance:com.qa.opencart.tests.LoginPageTest@5c20aab9]" started-at="2025-04-17T14:59:07 IST" name="tearDown" finished-at="2025-04-17T14:59:07 IST" duration-ms="89" status="PASS">
          <reporter-output>
          </reporter-output>
        </test-method> <!-- tearDown -->
      </class> <!-- com.qa.opencart.tests.LoginPageTest -->
    </test> <!-- Default test -->
  </suite> <!-- Default suite -->
</testng-results>
